c:\users\vezia_l\documents\epitech\cpp_spider\client\debug\vc140.pdb
c:\users\vezia_l\documents\epitech\cpp_spider\client\debug\vc140.idb
c:\users\vezia_l\documents\epitech\cpp_spider\client\debug\core.obj
c:\users\vezia_l\documents\epitech\cpp_spider\client\debug\main.obj
c:\users\vezia_l\documents\epitech\cpp_spider\client\debug\keylog.obj
c:\users\vezia_l\documents\epitech\cpp_spider\client\debug\sqlite3.obj
c:\users\vezia_l\documents\epitech\cpp_spider\client\debug\shell.obj
c:\users\vezia_l\documents\epitech\cpp_spider\client\debug\spider client.lib
c:\users\vezia_l\documents\epitech\cpp_spider\client\debug\spider client.exp
c:\users\vezia_l\documents\epitech\cpp_spider\client\debug\spider client.pdb
c:\users\vezia_l\documents\epitech\cpp_spider\client\debug\spider client.tlog\cl.command.1.tlog
c:\users\vezia_l\documents\epitech\cpp_spider\client\debug\spider client.tlog\cl.read.1.tlog
c:\users\vezia_l\documents\epitech\cpp_spider\client\debug\spider client.tlog\cl.write.1.tlog
c:\users\vezia_l\documents\epitech\cpp_spider\client\debug\spider client.tlog\link-cvtres.read.1.tlog
c:\users\vezia_l\documents\epitech\cpp_spider\client\debug\spider client.tlog\link-cvtres.write.1.tlog
c:\users\vezia_l\documents\epitech\cpp_spider\client\debug\spider client.tlog\link-rc.read.1.tlog
c:\users\vezia_l\documents\epitech\cpp_spider\client\debug\spider client.tlog\link-rc.write.1.tlog
c:\users\vezia_l\documents\epitech\cpp_spider\client\debug\spider client.tlog\link.7992-cvtres.read.1.tlog
c:\users\vezia_l\documents\epitech\cpp_spider\client\debug\spider client.tlog\link.7992-cvtres.write.1.tlog
c:\users\vezia_l\documents\epitech\cpp_spider\client\debug\spider client.tlog\link.7992-rc.read.1.tlog
c:\users\vezia_l\documents\epitech\cpp_spider\client\debug\spider client.tlog\link.7992-rc.write.1.tlog
c:\users\vezia_l\documents\epitech\cpp_spider\client\debug\spider client.tlog\link.7992.read.1.tlog
c:\users\vezia_l\documents\epitech\cpp_spider\client\debug\spider client.tlog\link.7992.write.1.tlog
c:\users\vezia_l\documents\epitech\cpp_spider\client\debug\spider client.tlog\link.command.1.tlog
c:\users\vezia_l\documents\epitech\cpp_spider\client\debug\spider client.tlog\link.read.1.tlog
c:\users\vezia_l\documents\epitech\cpp_spider\client\debug\spider client.tlog\link.write.1.tlog
c:\users\vezia_l\documents\epitech\cpp_spider\client\debug\spider client.tlog\spider client.write.1u.tlog
